<?xml version="1.0" encoding="UTF-8"?>
<testng-results ignored="0" total="1" passed="1" failed="0" skipped="0">
  <reporter-output>
  </reporter-output>
  <suite started-at="2020-11-14T15:42:08 EST" name="InetBanking_version_01" finished-at="2020-11-14T15:42:49 EST" duration-ms="40276">
    <groups>
    </groups>
    <test started-at="2020-11-14T15:42:08 EST" name="BankingApp Test" finished-at="2020-11-14T15:42:49 EST" duration-ms="40276">
      <class name="com.inetBanking_Test_cases.TC_homepage_test_01">
        <test-method is-config="true" signature="setup(java.lang.String)[pri:0, instance:com.inetBanking_Test_cases.TC_homepage_test_01@51e5fc98]" started-at="2020-11-14T15:42:09 EST" name="setup" finished-at="2020-11-14T15:42:41 EST" duration-ms="32403" status="PASS">
          <params>
            <param index="0">
              <value>
                <![CDATA[firefox]]>
              </value>
            </param>
          </params>
          <reporter-output>
          </reporter-output>
        </test-method> <!-- setup -->
        <test-method signature="practic_page()[pri:0, instance:com.inetBanking_Test_cases.TC_homepage_test_01@51e5fc98]" started-at="2020-11-14T15:42:41 EST" name="practic_page" finished-at="2020-11-14T15:42:43 EST" duration-ms="1499" status="PASS">
          <reporter-output>
          </reporter-output>
        </test-method> <!-- practic_page -->
        <test-method is-config="true" signature="teardown()[pri:0, instance:com.inetBanking_Test_cases.TC_homepage_test_01@51e5fc98]" started-at="2020-11-14T15:42:43 EST" name="teardown" finished-at="2020-11-14T15:42:49 EST" duration-ms="6027" status="PASS">
          <reporter-output>
          </reporter-output>
        </test-method> <!-- teardown -->
      </class> <!-- com.inetBanking_Test_cases.TC_homepage_test_01 -->
    </test> <!-- BankingApp Test -->
  </suite> <!-- InetBanking_version_01 -->
</testng-results>
